{"level":"info","message":"Server is running on port 3000","service":"user-service"}
{"level":"info","message":"Server is running on port 3000","service":"user-service"}
{"level":"info","message":"Server is running on port 3000","service":"user-service"}
{"level":"info","message":"Server is running on port 3000","service":"user-service"}
{"level":"info","message":"Server is running on port 3000","service":"user-service"}
{"level":"info","message":"Server is running on port 3000","service":"user-service"}
{"level":"info","message":"Server is running on port 3000","service":"user-service"}
{"level":"info","message":"Server is running on port 3000","service":"user-service"}
{"level":"info","message":"Server is running on port 3000","service":"user-service"}
{"level":"info","message":"Server is running on port 3000","service":"user-service"}
{"level":"info","message":"Server is running on port 3000","service":"user-service"}
{"level":"info","message":"Server is running on port 3000","service":"user-service"}
{"level":"info","message":"Server is running on port 3000","service":"user-service"}
{"level":"info","message":"Server is running on port 3000","service":"user-service"}
{"level":"info","message":"Server is running on port 3000","service":"user-service"}
{"level":"info","message":"Server is running on port 3000","service":"user-service"}
{"level":"info","message":"Server is running on port 3000","service":"user-service"}
{"level":"info","message":"Server is running on port 3000","service":"user-service"}
{"level":"info","message":"Server is running on port 3000","service":"user-service"}
{"level":"info","message":"Server is running on port 3000","service":"user-service"}
{"level":"info","message":"Server is running on port 3000","service":"user-service"}
{"level":"info","message":"Server is running on port 3000","service":"user-service"}
{"level":"info","message":"Server is running on port 3000","service":"user-service"}
{"level":"info","message":"Server is running on port 3000","service":"user-service"}
{"level":"info","message":"Server is running on port 3000","service":"user-service"}
{"level":"info","message":"Server is running on port 3000","service":"user-service"}
{"level":"info","message":"Server is running on port 3000","service":"user-service"}
{"level":"info","message":"Server is running on port 3000","service":"user-service"}
{"level":"info","message":"Server is running on port 3000","service":"user-service"}
{"level":"info","message":"Server is running on port 3000","service":"user-service"}
{"level":"info","message":"Server is running on port 3000","service":"user-service"}
{"level":"info","message":"Server is running on port 3000","service":"user-service"}
{"level":"info","message":"Server is running on port 3000","service":"user-service"}
{"level":"info","message":"Server is running on port 3000","service":"user-service"}
{"level":"info","message":"Server is running on port 3000","service":"user-service"}
{"level":"info","message":"Server is running on port 3000","service":"user-service"}
{"level":"info","message":"Server is running on port 3000","service":"user-service"}
{"level":"info","message":"Server is running on port 3000","service":"user-service"}
{"level":"info","message":"Server is running on port 3000","service":"user-service"}
{"level":"info","message":"Server is running on port 3000","service":"user-service"}
{"level":"info","message":"Server is running on port 3000","service":"user-service"}
{"level":"info","message":"Server is running on port 3000","service":"user-service"}
{"level":"info","message":"Server is running on port 3000","service":"user-service"}
{"level":"info","message":"Server is running on port 3000","service":"user-service"}
{"level":"info","message":"Server is running on port 3000","service":"user-service"}
{"level":"info","message":"Server is running on port 3000","service":"user-service"}
{"level":"info","message":"Server is running on port 3000","service":"user-service"}
{"level":"info","message":"Server is running on port 3000","service":"user-service"}
{"level":"info","message":"Server is running on port 3000","service":"user-service"}
{"level":"info","message":"Server is running on port 3000","service":"user-service"}
{"level":"info","message":"Server is running on port 3000","service":"user-service"}
{"level":"info","message":"Server is running on port 3000","service":"user-service"}
{"level":"info","message":"Server is running on port 3000","service":"user-service"}
{"level":"info","message":"Server is running on port 3000","service":"user-service"}
{"level":"info","message":"Server is running on port 3000","service":"user-service"}
{"level":"info","message":"Server is running on port 3000","service":"user-service"}
{"level":"info","message":"Server is running on port 3000","service":"user-service"}
{"level":"info","message":"Server is running on port 3000","service":"user-service"}
{"level":"info","message":"Server is running on port 3000","service":"user-service"}
{"level":"info","message":"Server is running on port 3000","service":"user-service"}
{"level":"info","message":"Server is running on port 3000","service":"user-service"}
{"level":"info","message":"Server is running on port 3000","service":"user-service"}
{"exp":1721603819,"iat":1721600219,"level":"info","message":"Token verified successfully:","service":"user-service","shiftId":"C","shiftName":"Shift C"}
{"level":"error","message":"Error retrieving shift data: Cannot read properties of undefined (reading 'shiftId')","service":"user-service","stack":"TypeError: Cannot read properties of undefined (reading 'shiftId')\n    at C:\\Users\\Oussama\\Desktop\\New folder (2)\\backend\\server\\app.js:67:83\n    at Layer.handle [as handle_request] (C:\\Users\\Oussama\\Desktop\\New folder (2)\\backend\\server\\node_modules\\express\\lib\\router\\layer.js:95:5)\n    at next (C:\\Users\\Oussama\\Desktop\\New folder (2)\\backend\\server\\node_modules\\express\\lib\\router\\route.js:149:13)\n    at C:\\Users\\Oussama\\Desktop\\New folder (2)\\backend\\server\\middleware\\authenticateToken.js:24:5\n    at C:\\Users\\Oussama\\Desktop\\New folder (2)\\backend\\server\\node_modules\\jsonwebtoken\\verify.js:261:12\n    at getSecret (C:\\Users\\Oussama\\Desktop\\New folder (2)\\backend\\server\\node_modules\\jsonwebtoken\\verify.js:97:14)\n    at module.exports [as verify] (C:\\Users\\Oussama\\Desktop\\New folder (2)\\backend\\server\\node_modules\\jsonwebtoken\\verify.js:101:10)\n    at authenticateToken (C:\\Users\\Oussama\\Desktop\\New folder (2)\\backend\\server\\middleware\\authenticateToken.js:17:7)\n    at Layer.handle [as handle_request] (C:\\Users\\Oussama\\Desktop\\New folder (2)\\backend\\server\\node_modules\\express\\lib\\router\\layer.js:95:5)\n    at next (C:\\Users\\Oussama\\Desktop\\New folder (2)\\backend\\server\\node_modules\\express\\lib\\router\\route.js:149:13)"}
{"exp":1721603936,"iat":1721600336,"level":"info","message":"Token verified successfully:","service":"user-service","shiftId":"C","shiftName":"Shift C"}
{"level":"error","message":"Error retrieving shift data: Cannot read properties of undefined (reading 'shiftId')","service":"user-service","stack":"TypeError: Cannot read properties of undefined (reading 'shiftId')\n    at C:\\Users\\Oussama\\Desktop\\New folder (2)\\backend\\server\\app.js:67:83\n    at Layer.handle [as handle_request] (C:\\Users\\Oussama\\Desktop\\New folder (2)\\backend\\server\\node_modules\\express\\lib\\router\\layer.js:95:5)\n    at next (C:\\Users\\Oussama\\Desktop\\New folder (2)\\backend\\server\\node_modules\\express\\lib\\router\\route.js:149:13)\n    at C:\\Users\\Oussama\\Desktop\\New folder (2)\\backend\\server\\middleware\\authenticateToken.js:24:5\n    at C:\\Users\\Oussama\\Desktop\\New folder (2)\\backend\\server\\node_modules\\jsonwebtoken\\verify.js:261:12\n    at getSecret (C:\\Users\\Oussama\\Desktop\\New folder (2)\\backend\\server\\node_modules\\jsonwebtoken\\verify.js:97:14)\n    at module.exports [as verify] (C:\\Users\\Oussama\\Desktop\\New folder (2)\\backend\\server\\node_modules\\jsonwebtoken\\verify.js:101:10)\n    at authenticateToken (C:\\Users\\Oussama\\Desktop\\New folder (2)\\backend\\server\\middleware\\authenticateToken.js:17:7)\n    at Layer.handle [as handle_request] (C:\\Users\\Oussama\\Desktop\\New folder (2)\\backend\\server\\node_modules\\express\\lib\\router\\layer.js:95:5)\n    at next (C:\\Users\\Oussama\\Desktop\\New folder (2)\\backend\\server\\node_modules\\express\\lib\\router\\route.js:149:13)"}
{"level":"info","message":"Server is running on port 3000","service":"user-service"}
{"level":"info","message":"Server is running on port 3000","service":"user-service"}
{"level":"info","message":"Server is running on port 3000","service":"user-service"}
{"level":"info","message":"Server is running on port 3000","service":"user-service"}
{"level":"info","message":"Server is running on port 3000","service":"user-service"}
{"level":"info","message":"Server is running on port 3000","service":"user-service"}
{"level":"info","message":"Server is running on port 3000","service":"user-service"}
{"level":"info","message":"Server is running on port 3000","service":"user-service"}
{"level":"info","message":"Server is running on port 3000","service":"user-service"}
{"level":"info","message":"Server is running on port 3000","service":"user-service"}
{"level":"info","message":"Server is running on port 3000","service":"user-service"}
{"level":"info","message":"Server is running on port 3000","service":"user-service"}
{"level":"info","message":"Server is running on port 3000","service":"user-service"}
{"level":"info","message":"Server is running on port 3000","service":"user-service"}
{"code":"ENOENT","errno":-4058,"expose":false,"level":"error","message":"File not found: ENOENT: no such file or directory, stat 'C:\\Users\\Oussama\\Desktop\\New folder (2)\\backend\\frontend\\public\\OperatorDashboard.html'","path":"C:\\Users\\Oussama\\Desktop\\New folder (2)\\backend\\frontend\\public\\OperatorDashboard.html","service":"user-service","stack":"Error: ENOENT: no such file or directory, stat 'C:\\Users\\Oussama\\Desktop\\New folder (2)\\backend\\frontend\\public\\OperatorDashboard.html'","status":404,"statusCode":404,"syscall":"stat"}
{"level":"info","message":"Server is running on port 3000","service":"user-service"}
{"code":"ENOENT","errno":-4058,"expose":false,"level":"error","message":"File not found: ENOENT: no such file or directory, stat 'C:\\Users\\Oussama\\Desktop\\New folder (2)\\backend\\frontend\\public\\OperatorDashboard.html'","path":"C:\\Users\\Oussama\\Desktop\\New folder (2)\\backend\\frontend\\public\\OperatorDashboard.html","service":"user-service","stack":"Error: ENOENT: no such file or directory, stat 'C:\\Users\\Oussama\\Desktop\\New folder (2)\\backend\\frontend\\public\\OperatorDashboard.html'","status":404,"statusCode":404,"syscall":"stat"}
{"code":"ENOENT","errno":-4058,"expose":false,"level":"error","message":"File not found: ENOENT: no such file or directory, stat 'C:\\Users\\Oussama\\Desktop\\New folder (2)\\backend\\frontend\\public\\OperatorDashboard.html'","path":"C:\\Users\\Oussama\\Desktop\\New folder (2)\\backend\\frontend\\public\\OperatorDashboard.html","service":"user-service","stack":"Error: ENOENT: no such file or directory, stat 'C:\\Users\\Oussama\\Desktop\\New folder (2)\\backend\\frontend\\public\\OperatorDashboard.html'","status":404,"statusCode":404,"syscall":"stat"}
{"code":"ENOENT","errno":-4058,"expose":false,"level":"error","message":"File not found: ENOENT: no such file or directory, stat 'C:\\Users\\Oussama\\Desktop\\New folder (2)\\backend\\frontend\\public\\OperatorDashboard.html'","path":"C:\\Users\\Oussama\\Desktop\\New folder (2)\\backend\\frontend\\public\\OperatorDashboard.html","service":"user-service","stack":"Error: ENOENT: no such file or directory, stat 'C:\\Users\\Oussama\\Desktop\\New folder (2)\\backend\\frontend\\public\\OperatorDashboard.html'","status":404,"statusCode":404,"syscall":"stat"}
{"level":"info","message":"Server is running on port 3000","service":"user-service"}
{"code":"ENOENT","errno":-4058,"expose":false,"level":"error","message":"File not found: ENOENT: no such file or directory, stat 'C:\\Users\\Oussama\\Desktop\\New folder (2)\\backend\\frontend\\public\\OperatorDashboard.html'","path":"C:\\Users\\Oussama\\Desktop\\New folder (2)\\backend\\frontend\\public\\OperatorDashboard.html","service":"user-service","stack":"Error: ENOENT: no such file or directory, stat 'C:\\Users\\Oussama\\Desktop\\New folder (2)\\backend\\frontend\\public\\OperatorDashboard.html'","status":404,"statusCode":404,"syscall":"stat"}
{"level":"info","message":"Server is running on port 3000","service":"user-service"}
{"code":"ENOENT","errno":-4058,"expose":false,"level":"error","message":"File not found: ENOENT: no such file or directory, stat 'C:\\Users\\Oussama\\Desktop\\New folder (2)\\backend\\frontend\\public\\OperatorDashboard.html'","path":"C:\\Users\\Oussama\\Desktop\\New folder (2)\\backend\\frontend\\public\\OperatorDashboard.html","service":"user-service","stack":"Error: ENOENT: no such file or directory, stat 'C:\\Users\\Oussama\\Desktop\\New folder (2)\\backend\\frontend\\public\\OperatorDashboard.html'","status":404,"statusCode":404,"syscall":"stat"}
{"code":"ENOENT","errno":-4058,"expose":false,"level":"error","message":"File not found: ENOENT: no such file or directory, stat 'C:\\Users\\Oussama\\Desktop\\New folder (2)\\backend\\frontend\\public\\OperatorDashboard.html'","path":"C:\\Users\\Oussama\\Desktop\\New folder (2)\\backend\\frontend\\public\\OperatorDashboard.html","service":"user-service","stack":"Error: ENOENT: no such file or directory, stat 'C:\\Users\\Oussama\\Desktop\\New folder (2)\\backend\\frontend\\public\\OperatorDashboard.html'","status":404,"statusCode":404,"syscall":"stat"}
{"code":"ENOENT","errno":-4058,"expose":false,"level":"error","message":"File not found: ENOENT: no such file or directory, stat 'C:\\Users\\Oussama\\Desktop\\New folder (2)\\backend\\frontend\\public\\OperatorDashboard.html'","path":"C:\\Users\\Oussama\\Desktop\\New folder (2)\\backend\\frontend\\public\\OperatorDashboard.html","service":"user-service","stack":"Error: ENOENT: no such file or directory, stat 'C:\\Users\\Oussama\\Desktop\\New folder (2)\\backend\\frontend\\public\\OperatorDashboard.html'","status":404,"statusCode":404,"syscall":"stat"}
{"code":"ENOENT","errno":-4058,"expose":false,"level":"error","message":"File not found: ENOENT: no such file or directory, stat 'C:\\Users\\Oussama\\Desktop\\New folder (2)\\backend\\frontend\\public\\OperatorDashboard.html'","path":"C:\\Users\\Oussama\\Desktop\\New folder (2)\\backend\\frontend\\public\\OperatorDashboard.html","service":"user-service","stack":"Error: ENOENT: no such file or directory, stat 'C:\\Users\\Oussama\\Desktop\\New folder (2)\\backend\\frontend\\public\\OperatorDashboard.html'","status":404,"statusCode":404,"syscall":"stat"}
{"level":"info","message":"Server is running on port 3000","service":"user-service"}
{"code":"ENOENT","errno":-4058,"expose":false,"level":"error","message":"File not found: ENOENT: no such file or directory, stat 'C:\\Users\\Oussama\\Desktop\\New folder (2)\\backend\\frontend\\public\\OperatorDashboard.html'","path":"C:\\Users\\Oussama\\Desktop\\New folder (2)\\backend\\frontend\\public\\OperatorDashboard.html","service":"user-service","stack":"Error: ENOENT: no such file or directory, stat 'C:\\Users\\Oussama\\Desktop\\New folder (2)\\backend\\frontend\\public\\OperatorDashboard.html'","status":404,"statusCode":404,"syscall":"stat"}
{"level":"info","message":"Server is running on port 3000","service":"user-service"}
{"code":"ENOENT","errno":-4058,"expose":false,"level":"error","message":"File not found: ENOENT: no such file or directory, stat 'C:\\Users\\Oussama\\Desktop\\New folder (2)\\backend\\frontend\\public\\OperatorDashboard.html'","path":"C:\\Users\\Oussama\\Desktop\\New folder (2)\\backend\\frontend\\public\\OperatorDashboard.html","service":"user-service","stack":"Error: ENOENT: no such file or directory, stat 'C:\\Users\\Oussama\\Desktop\\New folder (2)\\backend\\frontend\\public\\OperatorDashboard.html'","status":404,"statusCode":404,"syscall":"stat"}
{"level":"info","message":"Server is running on port 3000","service":"user-service"}
{"code":"ENOENT","errno":-4058,"expose":false,"level":"error","message":"File not found: ENOENT: no such file or directory, stat 'C:\\Users\\Oussama\\Desktop\\New folder (2)\\backend\\frontend\\public\\OperatorDashboard.html'","path":"C:\\Users\\Oussama\\Desktop\\New folder (2)\\backend\\frontend\\public\\OperatorDashboard.html","service":"user-service","stack":"Error: ENOENT: no such file or directory, stat 'C:\\Users\\Oussama\\Desktop\\New folder (2)\\backend\\frontend\\public\\OperatorDashboard.html'","status":404,"statusCode":404,"syscall":"stat"}
{"level":"info","message":"Server is running on port 3000","service":"user-service"}
{"level":"info","message":"Server is running on port 3000","service":"user-service"}
{"level":"info","message":"Server is running on port 3000","service":"user-service"}
{"level":"info","message":"Server is running on port 3000","service":"user-service"}
{"level":"info","message":"Server is running on port 3000","service":"user-service"}
{"level":"info","message":"Server is running on port 3000","service":"user-service"}
{"level":"info","message":"Server is running on port 3000","service":"user-service"}
{"level":"info","message":"Server is running on port 3000","service":"user-service"}
{"level":"info","message":"Server is running on port 3000","service":"user-service"}
{"level":"info","message":"Server is running on port 3000","service":"user-service"}
{"level":"info","message":"Server is running on port 3000","service":"user-service"}
{"level":"info","message":"Server is running on port 3000","service":"user-service"}
{"level":"info","message":"Server is running on port 3000","service":"user-service"}
{"code":"ENOENT","errno":-4058,"expose":false,"level":"error","message":"File not found: ENOENT: no such file or directory, stat 'C:\\Users\\Oussama\\Desktop\\New folder (2)\\backend\\frontend\\public\\OperatorDashboard.html'","path":"C:\\Users\\Oussama\\Desktop\\New folder (2)\\backend\\frontend\\public\\OperatorDashboard.html","service":"user-service","stack":"Error: ENOENT: no such file or directory, stat 'C:\\Users\\Oussama\\Desktop\\New folder (2)\\backend\\frontend\\public\\OperatorDashboard.html'","status":404,"statusCode":404,"syscall":"stat"}
{"code":"ENOENT","errno":-4058,"expose":false,"level":"error","message":"File not found: ENOENT: no such file or directory, stat 'C:\\Users\\Oussama\\Desktop\\New folder (2)\\backend\\frontend\\public\\OperatorDashboard.html'","path":"C:\\Users\\Oussama\\Desktop\\New folder (2)\\backend\\frontend\\public\\OperatorDashboard.html","service":"user-service","stack":"Error: ENOENT: no such file or directory, stat 'C:\\Users\\Oussama\\Desktop\\New folder (2)\\backend\\frontend\\public\\OperatorDashboard.html'","status":404,"statusCode":404,"syscall":"stat"}
{"code":"ENOENT","errno":-4058,"expose":false,"level":"error","message":"File not found: ENOENT: no such file or directory, stat 'C:\\Users\\Oussama\\Desktop\\New folder (2)\\backend\\frontend\\public\\OperatorDashboard.html'","path":"C:\\Users\\Oussama\\Desktop\\New folder (2)\\backend\\frontend\\public\\OperatorDashboard.html","service":"user-service","stack":"Error: ENOENT: no such file or directory, stat 'C:\\Users\\Oussama\\Desktop\\New folder (2)\\backend\\frontend\\public\\OperatorDashboard.html'","status":404,"statusCode":404,"syscall":"stat"}
{"code":"ENOENT","errno":-4058,"expose":false,"level":"error","message":"File not found: ENOENT: no such file or directory, stat 'C:\\Users\\Oussama\\Desktop\\New folder (2)\\backend\\frontend\\public\\OperatorDashboard.html'","path":"C:\\Users\\Oussama\\Desktop\\New folder (2)\\backend\\frontend\\public\\OperatorDashboard.html","service":"user-service","stack":"Error: ENOENT: no such file or directory, stat 'C:\\Users\\Oussama\\Desktop\\New folder (2)\\backend\\frontend\\public\\OperatorDashboard.html'","status":404,"statusCode":404,"syscall":"stat"}
{"level":"info","message":"Server is running on port 3000","service":"user-service"}
{"level":"info","message":"Server is running on port 3000","service":"user-service"}
{"level":"info","message":"Server is running on port 3000","service":"user-service"}
{"code":"ENOENT","errno":-4058,"expose":false,"level":"error","message":"File not found: ENOENT: no such file or directory, stat 'C:\\Users\\Oussama\\Desktop\\New folder (2)\\backend\\frontend\\public\\index.html'","path":"C:\\Users\\Oussama\\Desktop\\New folder (2)\\backend\\frontend\\public\\index.html","service":"user-service","stack":"Error: ENOENT: no such file or directory, stat 'C:\\Users\\Oussama\\Desktop\\New folder (2)\\backend\\frontend\\public\\index.html'","status":404,"statusCode":404,"syscall":"stat"}
{"code":"ENOENT","errno":-4058,"expose":false,"level":"error","message":"File not found: ENOENT: no such file or directory, stat 'C:\\Users\\Oussama\\Desktop\\New folder (2)\\backend\\frontend\\public\\index.html'","path":"C:\\Users\\Oussama\\Desktop\\New folder (2)\\backend\\frontend\\public\\index.html","service":"user-service","stack":"Error: ENOENT: no such file or directory, stat 'C:\\Users\\Oussama\\Desktop\\New folder (2)\\backend\\frontend\\public\\index.html'","status":404,"statusCode":404,"syscall":"stat"}
{"level":"info","message":"Server is running on port 3000","service":"user-service"}
{"level":"info","message":"Server is running on port 3000","service":"user-service"}
{"level":"info","message":"Server is running on port 3000","service":"user-service"}
{"level":"info","message":"Server is running on port 3000","service":"user-service"}
{"level":"info","message":"Server is running on port 3000","service":"user-service"}
{"code":"ENOENT","errno":-4058,"expose":false,"level":"error","message":"Unhandled error: ENOENT: no such file or directory, stat 'C:\\Users\\Oussama\\Desktop\\New folder (2)\\backend\\frontend\\public\\login.html'","path":"C:\\Users\\Oussama\\Desktop\\New folder (2)\\backend\\frontend\\public\\login.html","service":"user-service","stack":"Error: ENOENT: no such file or directory, stat 'C:\\Users\\Oussama\\Desktop\\New folder (2)\\backend\\frontend\\public\\login.html'","status":404,"statusCode":404,"syscall":"stat"}
{"level":"info","message":"Server is running on port 3000","service":"user-service"}
{"code":"ENOENT","errno":-4058,"expose":false,"level":"error","message":"Unhandled error: ENOENT: no such file or directory, stat 'C:\\Users\\Oussama\\Desktop\\New folder (2)\\frontend\\public\\login.html'","path":"C:\\Users\\Oussama\\Desktop\\New folder (2)\\frontend\\public\\login.html","service":"user-service","stack":"Error: ENOENT: no such file or directory, stat 'C:\\Users\\Oussama\\Desktop\\New folder (2)\\frontend\\public\\login.html'","status":404,"statusCode":404,"syscall":"stat"}
{"level":"info","message":"Server is running on port 3000","service":"user-service"}
{"level":"info","message":"Server is running on port 3000","service":"user-service"}
{"level":"info","message":"Server is running on port 3000","service":"user-service"}
{"level":"info","message":"Server is running on port 3000","service":"user-service"}
{"level":"info","message":"Server is running on port 3000","service":"user-service"}
{"level":"info","message":"Server is running on port 3000","service":"user-service"}
{"level":"info","message":"Server is running on port 3000","service":"user-service"}
{"level":"info","message":"Server is running on port 3000","service":"user-service"}
{"level":"info","message":"Server is running on port 3000","service":"user-service"}
{"level":"info","message":"Server is running on port 3000","service":"user-service"}
{"level":"info","message":"Server is running on port 3000","service":"user-service"}
{"level":"info","message":"Server is running on port 3000","service":"user-service"}
{"level":"info","message":"Server is running on port 3000","service":"user-service"}
{"level":"info","message":"Server is running on port 3000","service":"user-service"}
{"level":"info","message":"Server is running on port 3000","service":"user-service"}
{"level":"info","message":"Server is running on port 3000","service":"user-service"}
{"level":"info","message":"Server is running on port 3000","service":"user-service"}
{"level":"info","message":"Server is running on port 3000","service":"user-service"}
{"level":"info","message":"Server is running on port 3000","service":"user-service"}
{"level":"info","message":"Server is running on port 3000","service":"user-service"}
{"level":"info","message":"Server is running on port 3000","service":"user-service"}
{"level":"info","message":"Server is running on port 3000","service":"user-service"}
{"level":"info","message":"Server is running on port 3000","service":"user-service"}
{"level":"info","message":"Server is running on port 3000","service":"user-service"}
{"level":"info","message":"Server is running on port 3000","service":"user-service"}
{"level":"info","message":"Server is running on port 3000","service":"user-service"}
{"level":"info","message":"Server is running on port 3000","service":"user-service"}
{"level":"info","message":"Server is running on port 3000","service":"user-service"}
{"level":"info","message":"Server is running on port 3000","service":"user-service"}
{"level":"info","message":"Server is running on port 3000","service":"user-service"}
{"level":"info","message":"Server is running on port 3000","service":"user-service"}
{"level":"info","message":"Server is running on port 3000","service":"user-service"}
{"level":"info","message":"Server is running on port 3000","service":"user-service"}
{"level":"info","message":"Server is running on port 3000","service":"user-service"}
{"level":"info","message":"Server is running on port 3000","service":"user-service"}
{"level":"info","message":"Server is running on port 3000","service":"user-service"}
{"level":"info","message":"Server is running on port 3000","service":"user-service"}
{"level":"info","message":"Server is running on port 3000","service":"user-service"}
{"level":"info","message":"Server is running on port 3000","service":"user-service"}
{"level":"info","message":"Server is running on port 3000","service":"user-service"}
{"level":"info","message":"Server is running on port 3000","service":"user-service"}
{"level":"info","message":"Server is running on port 3000","service":"user-service"}
{"level":"info","message":"Server is running on port 3000","service":"user-service"}
{"level":"info","message":"Server is running on port 3000","service":"user-service"}
{"level":"info","message":"Server is running on port 3000","service":"user-service"}
{"level":"info","message":"Server is running on port 3000","service":"user-service"}
{"level":"info","message":"Server is running on port 3000","service":"user-service"}
{"level":"info","message":"Server is running on port 3000","service":"user-service"}
{"level":"info","message":"Server is running on port 3000","service":"user-service"}
{"level":"info","message":"Server is running on port 3000","service":"user-service"}
{"code":"ER_TRUNCATED_WRONG_VALUE","errno":1292,"level":"error","message":"Error creating stoppage log: Incorrect datetime value: '11:38' for column 'timeOfStop' at row 1","service":"user-service","sql":"INSERT INTO stoppage_logs (timeOfStop, duration, stopReason, customReasonText, trsPercentage, nonTrsPercentage, machineId, shiftId) VALUES (?, ?, ?, ?, ?, ?, ?, ?)","sqlMessage":"Incorrect datetime value: '11:38' for column 'timeOfStop' at row 1","sqlState":"22007","stack":"Error: Incorrect datetime value: '11:38' for column 'timeOfStop' at row 1\n    at PromisePool.execute (C:\\Users\\Oussama\\Desktop\\New folder (2)\\backend\\server\\node_modules\\mysql2\\promise.js:374:22)\n    at createStoppageLog (C:\\Users\\Oussama\\Desktop\\New folder (2)\\backend\\server\\controllers\\stoppageLogController.js:41:31)\n    at Layer.handle [as handle_request] (C:\\Users\\Oussama\\Desktop\\New folder (2)\\backend\\server\\node_modules\\express\\lib\\router\\layer.js:95:5)\n    at next (C:\\Users\\Oussama\\Desktop\\New folder (2)\\backend\\server\\node_modules\\express\\lib\\router\\route.js:149:13)\n    at Route.dispatch (C:\\Users\\Oussama\\Desktop\\New folder (2)\\backend\\server\\node_modules\\express\\lib\\router\\route.js:119:3)\n    at Layer.handle [as handle_request] (C:\\Users\\Oussama\\Desktop\\New folder (2)\\backend\\server\\node_modules\\express\\lib\\router\\layer.js:95:5)\n    at C:\\Users\\Oussama\\Desktop\\New folder (2)\\backend\\server\\node_modules\\express\\lib\\router\\index.js:284:15\n    at Function.process_params (C:\\Users\\Oussama\\Desktop\\New folder (2)\\backend\\server\\node_modules\\express\\lib\\router\\index.js:346:12)\n    at next (C:\\Users\\Oussama\\Desktop\\New folder (2)\\backend\\server\\node_modules\\express\\lib\\router\\index.js:280:10)\n    at C:\\Users\\Oussama\\Desktop\\New folder (2)\\backend\\server\\node_modules\\express\\lib\\router\\index.js:646:15"}
{"code":"ER_TRUNCATED_WRONG_VALUE","errno":1292,"level":"error","message":"Error creating stoppage log: Incorrect datetime value: '11:38' for column 'timeOfStop' at row 1","service":"user-service","sql":"INSERT INTO stoppage_logs (timeOfStop, duration, stopReason, customReasonText, trsPercentage, nonTrsPercentage, machineId, shiftId) VALUES (?, ?, ?, ?, ?, ?, ?, ?)","sqlMessage":"Incorrect datetime value: '11:38' for column 'timeOfStop' at row 1","sqlState":"22007","stack":"Error: Incorrect datetime value: '11:38' for column 'timeOfStop' at row 1\n    at PromisePool.execute (C:\\Users\\Oussama\\Desktop\\New folder (2)\\backend\\server\\node_modules\\mysql2\\promise.js:374:22)\n    at createStoppageLog (C:\\Users\\Oussama\\Desktop\\New folder (2)\\backend\\server\\controllers\\stoppageLogController.js:41:31)\n    at Layer.handle [as handle_request] (C:\\Users\\Oussama\\Desktop\\New folder (2)\\backend\\server\\node_modules\\express\\lib\\router\\layer.js:95:5)\n    at next (C:\\Users\\Oussama\\Desktop\\New folder (2)\\backend\\server\\node_modules\\express\\lib\\router\\route.js:149:13)\n    at Route.dispatch (C:\\Users\\Oussama\\Desktop\\New folder (2)\\backend\\server\\node_modules\\express\\lib\\router\\route.js:119:3)\n    at Layer.handle [as handle_request] (C:\\Users\\Oussama\\Desktop\\New folder (2)\\backend\\server\\node_modules\\express\\lib\\router\\layer.js:95:5)\n    at C:\\Users\\Oussama\\Desktop\\New folder (2)\\backend\\server\\node_modules\\express\\lib\\router\\index.js:284:15\n    at Function.process_params (C:\\Users\\Oussama\\Desktop\\New folder (2)\\backend\\server\\node_modules\\express\\lib\\router\\index.js:346:12)\n    at next (C:\\Users\\Oussama\\Desktop\\New folder (2)\\backend\\server\\node_modules\\express\\lib\\router\\index.js:280:10)\n    at C:\\Users\\Oussama\\Desktop\\New folder (2)\\backend\\server\\node_modules\\express\\lib\\router\\index.js:646:15"}
{"level":"info","message":"Server is running on port 3000","service":"user-service"}
{"level":"info","message":"Server is running on port 3000","service":"user-service"}
{"level":"info","message":"Server is running on port 3000","service":"user-service"}
{"level":"info","message":"Server is running on port 3000","service":"user-service"}
{"level":"info","message":"Server is running on port 3000","service":"user-service"}
{"level":"info","message":"Server is running on port 3000","service":"user-service"}
{"level":"info","message":"Server is running on port 3000","service":"user-service"}
{"level":"info","message":"Server is running on port 3000","service":"user-service"}
{"level":"info","message":"Server is running on port 3000","service":"user-service"}
{"level":"info","message":"Server is running on port 3000","service":"user-service"}
{"level":"info","message":"Server is running on port 3000","service":"user-service"}
{"level":"info","message":"Server is running on port 3000","service":"user-service"}
{"level":"info","message":"Server is running on port 3000","service":"user-service"}
{"level":"info","message":"Server is running on port 3000","service":"user-service"}
{"level":"info","message":"Server is running on port 3000","service":"user-service"}
{"level":"info","message":"Server is running on port 3000","service":"user-service"}
{"level":"info","message":"Server is running on port 3000","service":"user-service"}
{"level":"error","message":"Error retrieving shift data: Cannot read properties of undefined (reading 'shiftId')","service":"user-service","stack":"TypeError: Cannot read properties of undefined (reading 'shiftId')\n    at C:\\Intel\\Forvia TRS Project\\backend\\server\\app.js:71:83\n    at Layer.handle [as handle_request] (C:\\Intel\\Forvia TRS Project\\backend\\server\\node_modules\\express\\lib\\router\\layer.js:95:5)\n    at next (C:\\Intel\\Forvia TRS Project\\backend\\server\\node_modules\\express\\lib\\router\\route.js:149:13)\n    at Route.dispatch (C:\\Intel\\Forvia TRS Project\\backend\\server\\node_modules\\express\\lib\\router\\route.js:119:3)\n    at Layer.handle [as handle_request] (C:\\Intel\\Forvia TRS Project\\backend\\server\\node_modules\\express\\lib\\router\\layer.js:95:5)\n    at C:\\Intel\\Forvia TRS Project\\backend\\server\\node_modules\\express\\lib\\router\\index.js:284:15\n    at Function.process_params (C:\\Intel\\Forvia TRS Project\\backend\\server\\node_modules\\express\\lib\\router\\index.js:346:12)\n    at next (C:\\Intel\\Forvia TRS Project\\backend\\server\\node_modules\\express\\lib\\router\\index.js:280:10)\n    at C:\\Intel\\Forvia TRS Project\\backend\\server\\app.js:45:3\n    at Layer.handle [as handle_request] (C:\\Intel\\Forvia TRS Project\\backend\\server\\node_modules\\express\\lib\\router\\layer.js:95:5)"}
{"level":"error","message":"Error retrieving shift data: Cannot read properties of undefined (reading 'shiftId')","service":"user-service","stack":"TypeError: Cannot read properties of undefined (reading 'shiftId')\n    at C:\\Intel\\Forvia TRS Project\\backend\\server\\app.js:71:83\n    at Layer.handle [as handle_request] (C:\\Intel\\Forvia TRS Project\\backend\\server\\node_modules\\express\\lib\\router\\layer.js:95:5)\n    at next (C:\\Intel\\Forvia TRS Project\\backend\\server\\node_modules\\express\\lib\\router\\route.js:149:13)\n    at Route.dispatch (C:\\Intel\\Forvia TRS Project\\backend\\server\\node_modules\\express\\lib\\router\\route.js:119:3)\n    at Layer.handle [as handle_request] (C:\\Intel\\Forvia TRS Project\\backend\\server\\node_modules\\express\\lib\\router\\layer.js:95:5)\n    at C:\\Intel\\Forvia TRS Project\\backend\\server\\node_modules\\express\\lib\\router\\index.js:284:15\n    at Function.process_params (C:\\Intel\\Forvia TRS Project\\backend\\server\\node_modules\\express\\lib\\router\\index.js:346:12)\n    at next (C:\\Intel\\Forvia TRS Project\\backend\\server\\node_modules\\express\\lib\\router\\index.js:280:10)\n    at C:\\Intel\\Forvia TRS Project\\backend\\server\\app.js:45:3\n    at Layer.handle [as handle_request] (C:\\Intel\\Forvia TRS Project\\backend\\server\\node_modules\\express\\lib\\router\\layer.js:95:5)"}
{"level":"error","message":"Error retrieving shift data: Cannot read properties of undefined (reading 'shiftId')","service":"user-service","stack":"TypeError: Cannot read properties of undefined (reading 'shiftId')\n    at C:\\Intel\\Forvia TRS Project\\backend\\server\\app.js:71:83\n    at Layer.handle [as handle_request] (C:\\Intel\\Forvia TRS Project\\backend\\server\\node_modules\\express\\lib\\router\\layer.js:95:5)\n    at next (C:\\Intel\\Forvia TRS Project\\backend\\server\\node_modules\\express\\lib\\router\\route.js:149:13)\n    at Route.dispatch (C:\\Intel\\Forvia TRS Project\\backend\\server\\node_modules\\express\\lib\\router\\route.js:119:3)\n    at Layer.handle [as handle_request] (C:\\Intel\\Forvia TRS Project\\backend\\server\\node_modules\\express\\lib\\router\\layer.js:95:5)\n    at C:\\Intel\\Forvia TRS Project\\backend\\server\\node_modules\\express\\lib\\router\\index.js:284:15\n    at Function.process_params (C:\\Intel\\Forvia TRS Project\\backend\\server\\node_modules\\express\\lib\\router\\index.js:346:12)\n    at next (C:\\Intel\\Forvia TRS Project\\backend\\server\\node_modules\\express\\lib\\router\\index.js:280:10)\n    at C:\\Intel\\Forvia TRS Project\\backend\\server\\app.js:45:3\n    at Layer.handle [as handle_request] (C:\\Intel\\Forvia TRS Project\\backend\\server\\node_modules\\express\\lib\\router\\layer.js:95:5)"}
{"level":"info","message":"Server is running on port 3000","service":"user-service"}
{"level":"error","message":"Error retrieving shift data: Cannot read properties of undefined (reading 'shiftId')","service":"user-service","stack":"TypeError: Cannot read properties of undefined (reading 'shiftId')\n    at C:\\Intel\\Forvia TRS Project\\backend\\server\\app.js:71:83\n    at Layer.handle [as handle_request] (C:\\Intel\\Forvia TRS Project\\backend\\server\\node_modules\\express\\lib\\router\\layer.js:95:5)\n    at next (C:\\Intel\\Forvia TRS Project\\backend\\server\\node_modules\\express\\lib\\router\\route.js:149:13)\n    at Route.dispatch (C:\\Intel\\Forvia TRS Project\\backend\\server\\node_modules\\express\\lib\\router\\route.js:119:3)\n    at Layer.handle [as handle_request] (C:\\Intel\\Forvia TRS Project\\backend\\server\\node_modules\\express\\lib\\router\\layer.js:95:5)\n    at C:\\Intel\\Forvia TRS Project\\backend\\server\\node_modules\\express\\lib\\router\\index.js:284:15\n    at Function.process_params (C:\\Intel\\Forvia TRS Project\\backend\\server\\node_modules\\express\\lib\\router\\index.js:346:12)\n    at next (C:\\Intel\\Forvia TRS Project\\backend\\server\\node_modules\\express\\lib\\router\\index.js:280:10)\n    at C:\\Intel\\Forvia TRS Project\\backend\\server\\app.js:45:3\n    at Layer.handle [as handle_request] (C:\\Intel\\Forvia TRS Project\\backend\\server\\node_modules\\express\\lib\\router\\layer.js:95:5)"}
{"level":"error","message":"Error retrieving shift data: Cannot read properties of undefined (reading 'shiftId')","service":"user-service","stack":"TypeError: Cannot read properties of undefined (reading 'shiftId')\n    at C:\\Intel\\Forvia TRS Project\\backend\\server\\app.js:71:83\n    at Layer.handle [as handle_request] (C:\\Intel\\Forvia TRS Project\\backend\\server\\node_modules\\express\\lib\\router\\layer.js:95:5)\n    at next (C:\\Intel\\Forvia TRS Project\\backend\\server\\node_modules\\express\\lib\\router\\route.js:149:13)\n    at Route.dispatch (C:\\Intel\\Forvia TRS Project\\backend\\server\\node_modules\\express\\lib\\router\\route.js:119:3)\n    at Layer.handle [as handle_request] (C:\\Intel\\Forvia TRS Project\\backend\\server\\node_modules\\express\\lib\\router\\layer.js:95:5)\n    at C:\\Intel\\Forvia TRS Project\\backend\\server\\node_modules\\express\\lib\\router\\index.js:284:15\n    at Function.process_params (C:\\Intel\\Forvia TRS Project\\backend\\server\\node_modules\\express\\lib\\router\\index.js:346:12)\n    at next (C:\\Intel\\Forvia TRS Project\\backend\\server\\node_modules\\express\\lib\\router\\index.js:280:10)\n    at C:\\Intel\\Forvia TRS Project\\backend\\server\\app.js:45:3\n    at Layer.handle [as handle_request] (C:\\Intel\\Forvia TRS Project\\backend\\server\\node_modules\\express\\lib\\router\\layer.js:95:5)"}
{"level":"error","message":"Error retrieving shift data: Cannot read properties of undefined (reading 'shiftId')","service":"user-service","stack":"TypeError: Cannot read properties of undefined (reading 'shiftId')\n    at C:\\Intel\\Forvia TRS Project\\backend\\server\\app.js:71:83\n    at Layer.handle [as handle_request] (C:\\Intel\\Forvia TRS Project\\backend\\server\\node_modules\\express\\lib\\router\\layer.js:95:5)\n    at next (C:\\Intel\\Forvia TRS Project\\backend\\server\\node_modules\\express\\lib\\router\\route.js:149:13)\n    at Route.dispatch (C:\\Intel\\Forvia TRS Project\\backend\\server\\node_modules\\express\\lib\\router\\route.js:119:3)\n    at Layer.handle [as handle_request] (C:\\Intel\\Forvia TRS Project\\backend\\server\\node_modules\\express\\lib\\router\\layer.js:95:5)\n    at C:\\Intel\\Forvia TRS Project\\backend\\server\\node_modules\\express\\lib\\router\\index.js:284:15\n    at Function.process_params (C:\\Intel\\Forvia TRS Project\\backend\\server\\node_modules\\express\\lib\\router\\index.js:346:12)\n    at next (C:\\Intel\\Forvia TRS Project\\backend\\server\\node_modules\\express\\lib\\router\\index.js:280:10)\n    at C:\\Intel\\Forvia TRS Project\\backend\\server\\app.js:45:3\n    at Layer.handle [as handle_request] (C:\\Intel\\Forvia TRS Project\\backend\\server\\node_modules\\express\\lib\\router\\layer.js:95:5)"}
{"level":"error","message":"Error retrieving shift data: Cannot read properties of undefined (reading 'shiftId')","service":"user-service","stack":"TypeError: Cannot read properties of undefined (reading 'shiftId')\n    at C:\\Intel\\Forvia TRS Project\\backend\\server\\app.js:71:83\n    at Layer.handle [as handle_request] (C:\\Intel\\Forvia TRS Project\\backend\\server\\node_modules\\express\\lib\\router\\layer.js:95:5)\n    at next (C:\\Intel\\Forvia TRS Project\\backend\\server\\node_modules\\express\\lib\\router\\route.js:149:13)\n    at Route.dispatch (C:\\Intel\\Forvia TRS Project\\backend\\server\\node_modules\\express\\lib\\router\\route.js:119:3)\n    at Layer.handle [as handle_request] (C:\\Intel\\Forvia TRS Project\\backend\\server\\node_modules\\express\\lib\\router\\layer.js:95:5)\n    at C:\\Intel\\Forvia TRS Project\\backend\\server\\node_modules\\express\\lib\\router\\index.js:284:15\n    at Function.process_params (C:\\Intel\\Forvia TRS Project\\backend\\server\\node_modules\\express\\lib\\router\\index.js:346:12)\n    at next (C:\\Intel\\Forvia TRS Project\\backend\\server\\node_modules\\express\\lib\\router\\index.js:280:10)\n    at C:\\Intel\\Forvia TRS Project\\backend\\server\\app.js:45:3\n    at Layer.handle [as handle_request] (C:\\Intel\\Forvia TRS Project\\backend\\server\\node_modules\\express\\lib\\router\\layer.js:95:5)"}
{"level":"error","message":"Error retrieving shift data: Cannot read properties of undefined (reading 'shiftId')","service":"user-service","stack":"TypeError: Cannot read properties of undefined (reading 'shiftId')\n    at C:\\Intel\\Forvia TRS Project\\backend\\server\\app.js:71:83\n    at Layer.handle [as handle_request] (C:\\Intel\\Forvia TRS Project\\backend\\server\\node_modules\\express\\lib\\router\\layer.js:95:5)\n    at next (C:\\Intel\\Forvia TRS Project\\backend\\server\\node_modules\\express\\lib\\router\\route.js:149:13)\n    at Route.dispatch (C:\\Intel\\Forvia TRS Project\\backend\\server\\node_modules\\express\\lib\\router\\route.js:119:3)\n    at Layer.handle [as handle_request] (C:\\Intel\\Forvia TRS Project\\backend\\server\\node_modules\\express\\lib\\router\\layer.js:95:5)\n    at C:\\Intel\\Forvia TRS Project\\backend\\server\\node_modules\\express\\lib\\router\\index.js:284:15\n    at Function.process_params (C:\\Intel\\Forvia TRS Project\\backend\\server\\node_modules\\express\\lib\\router\\index.js:346:12)\n    at next (C:\\Intel\\Forvia TRS Project\\backend\\server\\node_modules\\express\\lib\\router\\index.js:280:10)\n    at C:\\Intel\\Forvia TRS Project\\backend\\server\\app.js:45:3\n    at Layer.handle [as handle_request] (C:\\Intel\\Forvia TRS Project\\backend\\server\\node_modules\\express\\lib\\router\\layer.js:95:5)"}
{"level":"error","message":"Error retrieving shift data: Cannot read properties of undefined (reading 'shiftId')","service":"user-service","stack":"TypeError: Cannot read properties of undefined (reading 'shiftId')\n    at C:\\Intel\\Forvia TRS Project\\backend\\server\\app.js:71:83\n    at Layer.handle [as handle_request] (C:\\Intel\\Forvia TRS Project\\backend\\server\\node_modules\\express\\lib\\router\\layer.js:95:5)\n    at next (C:\\Intel\\Forvia TRS Project\\backend\\server\\node_modules\\express\\lib\\router\\route.js:149:13)\n    at Route.dispatch (C:\\Intel\\Forvia TRS Project\\backend\\server\\node_modules\\express\\lib\\router\\route.js:119:3)\n    at Layer.handle [as handle_request] (C:\\Intel\\Forvia TRS Project\\backend\\server\\node_modules\\express\\lib\\router\\layer.js:95:5)\n    at C:\\Intel\\Forvia TRS Project\\backend\\server\\node_modules\\express\\lib\\router\\index.js:284:15\n    at Function.process_params (C:\\Intel\\Forvia TRS Project\\backend\\server\\node_modules\\express\\lib\\router\\index.js:346:12)\n    at next (C:\\Intel\\Forvia TRS Project\\backend\\server\\node_modules\\express\\lib\\router\\index.js:280:10)\n    at C:\\Intel\\Forvia TRS Project\\backend\\server\\app.js:45:3\n    at Layer.handle [as handle_request] (C:\\Intel\\Forvia TRS Project\\backend\\server\\node_modules\\express\\lib\\router\\layer.js:95:5)"}
{"level":"error","message":"Error retrieving shift data: Cannot read properties of undefined (reading 'shiftId')","service":"user-service","stack":"TypeError: Cannot read properties of undefined (reading 'shiftId')\n    at C:\\Intel\\Forvia TRS Project\\backend\\server\\app.js:71:83\n    at Layer.handle [as handle_request] (C:\\Intel\\Forvia TRS Project\\backend\\server\\node_modules\\express\\lib\\router\\layer.js:95:5)\n    at next (C:\\Intel\\Forvia TRS Project\\backend\\server\\node_modules\\express\\lib\\router\\route.js:149:13)\n    at Route.dispatch (C:\\Intel\\Forvia TRS Project\\backend\\server\\node_modules\\express\\lib\\router\\route.js:119:3)\n    at Layer.handle [as handle_request] (C:\\Intel\\Forvia TRS Project\\backend\\server\\node_modules\\express\\lib\\router\\layer.js:95:5)\n    at C:\\Intel\\Forvia TRS Project\\backend\\server\\node_modules\\express\\lib\\router\\index.js:284:15\n    at Function.process_params (C:\\Intel\\Forvia TRS Project\\backend\\server\\node_modules\\express\\lib\\router\\index.js:346:12)\n    at next (C:\\Intel\\Forvia TRS Project\\backend\\server\\node_modules\\express\\lib\\router\\index.js:280:10)\n    at C:\\Intel\\Forvia TRS Project\\backend\\server\\app.js:45:3\n    at Layer.handle [as handle_request] (C:\\Intel\\Forvia TRS Project\\backend\\server\\node_modules\\express\\lib\\router\\layer.js:95:5)"}
{"level":"error","message":"Error retrieving shift data: Cannot read properties of undefined (reading 'shiftId')","service":"user-service","stack":"TypeError: Cannot read properties of undefined (reading 'shiftId')\n    at C:\\Intel\\Forvia TRS Project\\backend\\server\\app.js:71:83\n    at Layer.handle [as handle_request] (C:\\Intel\\Forvia TRS Project\\backend\\server\\node_modules\\express\\lib\\router\\layer.js:95:5)\n    at next (C:\\Intel\\Forvia TRS Project\\backend\\server\\node_modules\\express\\lib\\router\\route.js:149:13)\n    at Route.dispatch (C:\\Intel\\Forvia TRS Project\\backend\\server\\node_modules\\express\\lib\\router\\route.js:119:3)\n    at Layer.handle [as handle_request] (C:\\Intel\\Forvia TRS Project\\backend\\server\\node_modules\\express\\lib\\router\\layer.js:95:5)\n    at C:\\Intel\\Forvia TRS Project\\backend\\server\\node_modules\\express\\lib\\router\\index.js:284:15\n    at Function.process_params (C:\\Intel\\Forvia TRS Project\\backend\\server\\node_modules\\express\\lib\\router\\index.js:346:12)\n    at next (C:\\Intel\\Forvia TRS Project\\backend\\server\\node_modules\\express\\lib\\router\\index.js:280:10)\n    at C:\\Intel\\Forvia TRS Project\\backend\\server\\app.js:45:3\n    at Layer.handle [as handle_request] (C:\\Intel\\Forvia TRS Project\\backend\\server\\node_modules\\express\\lib\\router\\layer.js:95:5)"}
{"level":"error","message":"Error retrieving shift data: Cannot read properties of undefined (reading 'shiftId')","service":"user-service","stack":"TypeError: Cannot read properties of undefined (reading 'shiftId')\n    at C:\\Intel\\Forvia TRS Project\\backend\\server\\app.js:71:83\n    at Layer.handle [as handle_request] (C:\\Intel\\Forvia TRS Project\\backend\\server\\node_modules\\express\\lib\\router\\layer.js:95:5)\n    at next (C:\\Intel\\Forvia TRS Project\\backend\\server\\node_modules\\express\\lib\\router\\route.js:149:13)\n    at Route.dispatch (C:\\Intel\\Forvia TRS Project\\backend\\server\\node_modules\\express\\lib\\router\\route.js:119:3)\n    at Layer.handle [as handle_request] (C:\\Intel\\Forvia TRS Project\\backend\\server\\node_modules\\express\\lib\\router\\layer.js:95:5)\n    at C:\\Intel\\Forvia TRS Project\\backend\\server\\node_modules\\express\\lib\\router\\index.js:284:15\n    at Function.process_params (C:\\Intel\\Forvia TRS Project\\backend\\server\\node_modules\\express\\lib\\router\\index.js:346:12)\n    at next (C:\\Intel\\Forvia TRS Project\\backend\\server\\node_modules\\express\\lib\\router\\index.js:280:10)\n    at C:\\Intel\\Forvia TRS Project\\backend\\server\\app.js:45:3\n    at Layer.handle [as handle_request] (C:\\Intel\\Forvia TRS Project\\backend\\server\\node_modules\\express\\lib\\router\\layer.js:95:5)"}
{"level":"info","message":"Server is running on port 3000","service":"user-service"}
{"level":"info","message":"Server is running on port 3000","service":"user-service"}
{"level":"info","message":"Server is running on port 3000","service":"user-service"}
{"level":"error","message":"Error retrieving shift data: Cannot read properties of undefined (reading 'shiftId')","service":"user-service","stack":"TypeError: Cannot read properties of undefined (reading 'shiftId')\n    at C:\\Intel\\Forvia TRS Project\\backend\\server\\app.js:70:83\n    at Layer.handle [as handle_request] (C:\\Intel\\Forvia TRS Project\\backend\\server\\node_modules\\express\\lib\\router\\layer.js:95:5)\n    at next (C:\\Intel\\Forvia TRS Project\\backend\\server\\node_modules\\express\\lib\\router\\route.js:149:13)\n    at Route.dispatch (C:\\Intel\\Forvia TRS Project\\backend\\server\\node_modules\\express\\lib\\router\\route.js:119:3)\n    at Layer.handle [as handle_request] (C:\\Intel\\Forvia TRS Project\\backend\\server\\node_modules\\express\\lib\\router\\layer.js:95:5)\n    at C:\\Intel\\Forvia TRS Project\\backend\\server\\node_modules\\express\\lib\\router\\index.js:284:15\n    at Function.process_params (C:\\Intel\\Forvia TRS Project\\backend\\server\\node_modules\\express\\lib\\router\\index.js:346:12)\n    at next (C:\\Intel\\Forvia TRS Project\\backend\\server\\node_modules\\express\\lib\\router\\index.js:280:10)\n    at C:\\Intel\\Forvia TRS Project\\backend\\server\\app.js:45:3\n    at Layer.handle [as handle_request] (C:\\Intel\\Forvia TRS Project\\backend\\server\\node_modules\\express\\lib\\router\\layer.js:95:5)"}
{"level":"error","message":"Error retrieving shift data: Cannot read properties of undefined (reading 'shiftId')","service":"user-service","stack":"TypeError: Cannot read properties of undefined (reading 'shiftId')\n    at C:\\Intel\\Forvia TRS Project\\backend\\server\\app.js:70:83\n    at Layer.handle [as handle_request] (C:\\Intel\\Forvia TRS Project\\backend\\server\\node_modules\\express\\lib\\router\\layer.js:95:5)\n    at next (C:\\Intel\\Forvia TRS Project\\backend\\server\\node_modules\\express\\lib\\router\\route.js:149:13)\n    at Route.dispatch (C:\\Intel\\Forvia TRS Project\\backend\\server\\node_modules\\express\\lib\\router\\route.js:119:3)\n    at Layer.handle [as handle_request] (C:\\Intel\\Forvia TRS Project\\backend\\server\\node_modules\\express\\lib\\router\\layer.js:95:5)\n    at C:\\Intel\\Forvia TRS Project\\backend\\server\\node_modules\\express\\lib\\router\\index.js:284:15\n    at Function.process_params (C:\\Intel\\Forvia TRS Project\\backend\\server\\node_modules\\express\\lib\\router\\index.js:346:12)\n    at next (C:\\Intel\\Forvia TRS Project\\backend\\server\\node_modules\\express\\lib\\router\\index.js:280:10)\n    at C:\\Intel\\Forvia TRS Project\\backend\\server\\app.js:45:3\n    at Layer.handle [as handle_request] (C:\\Intel\\Forvia TRS Project\\backend\\server\\node_modules\\express\\lib\\router\\layer.js:95:5)"}
{"level":"info","message":"Server is running on port 3000","service":"user-service"}
{"level":"info","message":"Server is running on port 3000","service":"user-service"}
{"level":"info","message":"Server is running on port 3000","service":"user-service"}
{"level":"info","message":"Server is running on port 3001","service":"user-service"}
{"level":"info","message":"Server is running on port 3001","service":"user-service"}
{"level":"info","message":"Server is running on port 3001","service":"user-service"}
